Determining if the pthread_create exist failed with the following output:
Change Dir: /home/bigshow360/Documents/C++/DBT_Folder/build/CMakeFiles/CMakeTmp

Run Build Command:"/usr/bin/make" "cmTC_e97d3/fast"
/usr/bin/make -f CMakeFiles/cmTC_e97d3.dir/build.make CMakeFiles/cmTC_e97d3.dir/build
make[1]: Entering directory '/home/bigshow360/Documents/C++/DBT_Folder/build/CMakeFiles/CMakeTmp'
Building C object CMakeFiles/cmTC_e97d3.dir/CheckSymbolExists.c.o
/usr/bin/cc    -o CMakeFiles/cmTC_e97d3.dir/CheckSymbolExists.c.o   -c /home/bigshow360/Documents/C++/DBT_Folder/build/CMakeFiles/CMakeTmp/CheckSymbolExists.c
Linking C executable cmTC_e97d3
/usr/bin/cmake -E cmake_link_script CMakeFiles/cmTC_e97d3.dir/link.txt --verbose=1
/usr/bin/cc      -rdynamic CMakeFiles/cmTC_e97d3.dir/CheckSymbolExists.c.o  -o cmTC_e97d3 
/usr/bin/ld: CMakeFiles/cmTC_e97d3.dir/CheckSymbolExists.c.o: in function `main':
CheckSymbolExists.c:(.text+0x1b): undefined reference to `pthread_create'
collect2: error: ld returned 1 exit status
make[1]: *** [CMakeFiles/cmTC_e97d3.dir/build.make:87: cmTC_e97d3] Error 1
make[1]: Leaving directory '/home/bigshow360/Documents/C++/DBT_Folder/build/CMakeFiles/CMakeTmp'
make: *** [Makefile:121: cmTC_e97d3/fast] Error 2

File /home/bigshow360/Documents/C++/DBT_Folder/build/CMakeFiles/CMakeTmp/CheckSymbolExists.c:
/* */
#include <pthread.h>

int main(int argc, char** argv)
{
  (void)argv;
#ifndef pthread_create
  return ((int*)(&pthread_create))[argc];
#else
  (void)argc;
  return 0;
#endif
}

Determining if the function pthread_create exists in the pthreads failed with the following output:
Change Dir: /home/bigshow360/Documents/C++/DBT_Folder/build/CMakeFiles/CMakeTmp

Run Build Command:"/usr/bin/make" "cmTC_37a18/fast"
/usr/bin/make -f CMakeFiles/cmTC_37a18.dir/build.make CMakeFiles/cmTC_37a18.dir/build
make[1]: Entering directory '/home/bigshow360/Documents/C++/DBT_Folder/build/CMakeFiles/CMakeTmp'
Building C object CMakeFiles/cmTC_37a18.dir/CheckFunctionExists.c.o
/usr/bin/cc   -DCHECK_FUNCTION_EXISTS=pthread_create   -o CMakeFiles/cmTC_37a18.dir/CheckFunctionExists.c.o   -c /usr/share/cmake-3.13/Modules/CheckFunctionExists.c
Linking C executable cmTC_37a18
/usr/bin/cmake -E cmake_link_script CMakeFiles/cmTC_37a18.dir/link.txt --verbose=1
/usr/bin/cc  -DCHECK_FUNCTION_EXISTS=pthread_create    -rdynamic CMakeFiles/cmTC_37a18.dir/CheckFunctionExists.c.o  -o cmTC_37a18 -lpthreads 
/usr/bin/ld: cannot find -lpthreads
collect2: error: ld returned 1 exit status
make[1]: *** [CMakeFiles/cmTC_37a18.dir/build.make:87: cmTC_37a18] Error 1
make[1]: Leaving directory '/home/bigshow360/Documents/C++/DBT_Folder/build/CMakeFiles/CMakeTmp'
make: *** [Makefile:121: cmTC_37a18/fast] Error 2


